=== scripts/01_prepare_data.py | 2026-06-06 01:10:03 ===
Завантажено статей: 10114
Роки: від 1986 до 2026
Збережено у data/arxiv_subset.parquet

Розподіл за роками (всі):
year
1986      1
1988      1
1989      6
1990     26
1991    280
1992    280
1993    280
1994    280
1995    280
1996    280
1997    280
1998    280
1999    280
2000    280
2001    280
2002    280
2003    280
2004    280
2005    280
2006    280
2007    280
2008    280
2009    280
2010    280
2011    280
2012    280
2013    280
2014    280
2015    280
2016    280
2017    280
2018    280
2019    280
2020    280
2021    280
2022    280
2023    280
2024    280
2025    280
2026    280

Розподіл за категоріями (топ-10):
category
astro-ph             2789
alg-geom             1008
hep-th                451
adap-org              306
hep-ph                240
quant-ph              228
cs.CV                 205
cs.LG                 168
cond-mat.mtrl-sci     161
math.CO               156
=== Завершено: 2026-06-06 01:10:36 | exit 0 ===
