=== scripts/06_hybrid_search.py | 2026-06-06 01:24:57 ===

================================================================================
Запит: "BERT fine-tuning"
================================================================================

  [BM25]
  1. [2025 | cs.HC] Alzheimer's disease detection based on large language model prompt
  eng
     BM25-скор: 15.72499
  2. [2025 | cs.CL] On Importance of Layer Pruning for Smaller BERT Models and Low Resource

     BM25-скор: 12.77495
  3. [2021 | cs.CL] On Explaining Your Explanations of BERT: An Empirical Study with
  Seque
     BM25-скор: 11.83486
  4. [2021 | cs.CL] Prefix-Tuning: Optimizing Continuous Prompts for Generation
     BM25-скор: 10.11148
  5. [2021 | cs.CL] Analyzing Commonsense Emergence in Few-shot Knowledge Models
     BM25-скор: 10.00742

  [Векторний пошук]
  1. [2021 | cs.LG] Reinforcement Learning for Flexibility Design Problems
     Cosine: 0.85308
  2. [2026 | cs.LG] Quantum King-Ring Domination in Chess: A QAOA Approach
     Cosine: 0.84832
  3. [2026 | cs.MA] Mapping Human Anti-collusion Mechanisms to Multi-agent AI Systems
     Cosine: 0.84763
  4. [2021 | cs.SD] Generative Deep Learning for Virtuosic Classical Music: Generative
  Adv
     Cosine: 0.84622
  5. [2022 | econ.GN] Robust Algorithmic Collusion
     Cosine: 0.84358

  [Гібридний (RRF)]
  1. [2025 | cs.HC] Alzheimer's disease detection based on large language model prompt
  eng
     RRF-скор: 0.01639
  2. [2021 | cs.LG] Reinforcement Learning for Flexibility Design Problems
     RRF-скор: 0.01639
  3. [2025 | cs.CL] On Importance of Layer Pruning for Smaller BERT Models and Low Resource

     RRF-скор: 0.01613
  4. [2026 | cs.LG] Quantum King-Ring Domination in Chess: A QAOA Approach
     RRF-скор: 0.01613
  5. [2021 | cs.CL] On Explaining Your Explanations of BERT: An Empirical Study with
  Seque
     RRF-скор: 0.01587

================================================================================
Запит: "Yann LeCun convolutional networks"
================================================================================

  [BM25]
  1. [2018 | cs.CV] Depth-Adaptive Computational Policies for Efficient Visual Tracking
     BM25-скор: 14.27295
  2. [2017 | cs.IR] Self-Taught Convolutional Neural Networks for Short Text Clustering
     BM25-скор: 13.45807
  3. [2023 | cs.CV] GoogLe2Net: Going Transverse with Convolutions
     BM25-скор: 12.81262
  4. [2019 | cs.CV] Plugin Networks for Inference under Partial Evidence
     BM25-скор: 11.71209
  5. [2019 | cs.CV] Handwritten Indic Character Recognition using Capsule Networks
     BM25-скор: 10.94878

  [Векторний пошук]
  1. [2019 | cs.CV] Handwritten Indic Character Recognition using Capsule Networks
     Cosine: 0.88020
  2. [2026 | cs.CL] BERT-JEPA: Reorganizing CLS Embeddings for Language-Invariant Semantics
     Cosine: 0.87410
  3. [2021 | cs.CV] Biologically Inspired Hexagonal Deep Learning for Hexagonal Image
  Gene
     Cosine: 0.87116
  4. [2020 | cs.LG] Lossless Compression of Deep Neural Networks
     Cosine: 0.86757
  5. [2023 | cs.CV] GoogLe2Net: Going Transverse with Convolutions
     Cosine: 0.86732

  [Гібридний (RRF)]
  1. [2019 | cs.CV] Handwritten Indic Character Recognition using Capsule Networks
     RRF-скор: 0.03178
  2. [2023 | cs.CV] GoogLe2Net: Going Transverse with Convolutions
     RRF-скор: 0.03126
  3. [2018 | cs.CV] Depth-Adaptive Computational Policies for Efficient Visual Tracking
     RRF-скор: 0.01639
  4. [2017 | cs.IR] Self-Taught Convolutional Neural Networks for Short Text Clustering
     RRF-скор: 0.01613
  5. [2026 | cs.CL] BERT-JEPA: Reorganizing CLS Embeddings for Language-Invariant Semantics
     RRF-скор: 0.01613

================================================================================
Запит: "making computers understand human emotions from text"
================================================================================

  [BM25]
  1. [2024 | cs.CV] Text2Avatar: Text to 3D Human Avatar Generation with Codebook-Driven
  B
     BM25-скор: 18.31775
  2. [2018 | stat.ME] Matching with Text Data: An Experimental Evaluation of Methods for
  Mat
     BM25-скор: 15.30659
  3. [2021 | cs.CL] On-the-Fly Attention Modulation for Neural Generation
     BM25-скор: 15.01701
  4. [2023 | cs.CL] Second Thoughts are Best: Learning to Re-Align With Human Values from
  
     BM25-скор: 14.61632
  5. [2021 | cs.CL] DISCOS: Bridging the Gap between Discourse Knowledge and Commonsense
  K
     BM25-скор: 13.89241

  [Векторний пошук]
  1. [2017 | cs.AI] An affective computational model for machine consciousness
     Cosine: 0.87197
  2. [2018 | cs.CL] An Attentive Sequence Model for Adverse Drug Event Extraction from
  Bio
     Cosine: 0.86212
  3. [2024 | cs.CL] Large language model for Bible sentiment analysis: Sermon on the Mount
     Cosine: 0.86087
  4. [2023 | cs.SD] EmoGator: A New Open Source Vocal Burst Dataset with Baseline Machine
  
     Cosine: 0.85441
  5. [2016 | cs.CL] Sentiment/Subjectivity Analysis Survey for Languages other than English
     Cosine: 0.85159

  [Гібридний (RRF)]
  1. [2018 | cs.CL] An Attentive Sequence Model for Adverse Drug Event Extraction from
  Bio
     RRF-скор: 0.03083
  2. [2024 | cs.CV] Text2Avatar: Text to 3D Human Avatar Generation with Codebook-Driven
  B
     RRF-скор: 0.01639
  3. [2017 | cs.AI] An affective computational model for machine consciousness
     RRF-скор: 0.01639
  4. [2018 | stat.ME] Matching with Text Data: An Experimental Evaluation of Methods for
  Mat
     RRF-скор: 0.01613
  5. [2021 | cs.CL] On-the-Fly Attention Modulation for Neural Generation
     RRF-скор: 0.01587
=== Завершено: 2026-06-06 01:25:12 | exit 0 ===
